{
"./src/js/hsSlider.js":{"path":"./src/js/hsSlider.js","s":{"1":1,"2":1,"3":24,"4":24,"5":48,"6":264,"7":48,"8":24,"9":24,"10":24,"11":24,"12":24,"13":24,"14":3,"15":3,"16":3,"17":3,"18":3,"19":3,"20":0,"21":3,"22":0,"23":3,"24":0,"25":3,"26":3,"27":3,"28":3,"29":3,"30":0,"31":0,"32":0,"33":0,"34":24,"35":16,"36":16,"37":15,"38":1,"39":15,"40":15,"41":15,"42":0,"43":14,"44":14,"45":0,"46":14,"47":0,"48":0,"49":0,"50":0,"51":14,"52":14,"53":14,"54":0,"55":14,"56":0,"57":0,"58":0,"59":0,"60":0,"61":0,"62":0,"63":0,"64":0,"65":0,"66":0,"67":24,"68":13,"69":13,"70":13,"71":13,"72":13,"73":24,"74":4,"75":4,"76":4,"77":4,"78":0,"79":0,"80":0,"81":4,"82":1,"83":3,"84":3,"85":4,"86":4,"87":4,"88":4,"89":4,"90":4,"91":4,"92":4,"93":4,"94":4,"95":4,"96":4,"97":4,"98":4,"99":0,"100":4,"101":4,"102":4,"103":4,"104":4,"105":24,"106":24,"107":9,"108":9,"109":9,"110":6,"111":3,"112":0,"113":3,"114":3,"115":3,"116":3,"117":3,"118":3,"119":3,"120":3,"121":3,"122":0,"123":0,"124":0,"125":0,"126":0,"127":0,"128":0,"129":0,"130":0,"131":0,"132":0,"133":0,"134":0,"135":0,"136":0,"137":0,"138":0,"139":3,"140":3,"141":3,"142":3,"143":3,"144":3,"145":0,"146":3,"147":0,"148":0,"149":0,"150":0,"151":0,"152":0,"153":0,"154":0,"155":0,"156":0,"157":0,"158":3,"159":3,"160":3,"161":3,"162":3,"163":3,"164":18,"165":24,"166":0,"167":0,"168":0,"169":24,"170":3,"171":0,"172":3,"173":3,"174":2,"175":2,"176":3,"177":2,"178":2,"179":3,"180":0,"181":0,"182":0,"183":0,"184":0,"185":0,"186":24,"187":24,"188":0,"189":24,"190":0,"191":0,"192":24,"193":0,"194":24,"195":0,"196":0,"197":24,"198":0,"199":0,"200":24,"201":0,"202":24,"203":0,"204":0,"205":0,"206":0,"207":0,"208":0,"209":0,"210":0,"211":0,"212":0,"213":0,"214":0,"215":0,"216":0,"217":0,"218":0,"219":0,"220":0,"221":0,"222":0,"223":0,"224":0,"225":0,"226":0,"227":0,"228":0,"229":0,"230":0,"231":0,"232":0,"233":0,"234":0,"235":0,"236":0,"237":0,"238":0,"239":0,"240":0,"241":0,"242":0,"243":0,"244":0,"245":0,"246":0,"247":0,"248":0,"249":0,"250":0,"251":0,"252":0,"253":0,"254":0,"255":0,"256":0,"257":0,"258":0,"259":0,"260":0,"261":0,"262":0,"263":0,"264":0,"265":0,"266":0,"267":0,"268":0,"269":0,"270":0,"271":0,"272":0,"273":0,"274":0,"275":0,"276":0,"277":0,"278":0,"279":0,"280":0,"281":0,"282":0,"283":0,"284":0,"285":0,"286":0,"287":0,"288":0,"289":0,"290":0,"291":0,"292":0,"293":0,"294":0,"295":0,"296":0,"297":0,"298":0,"299":0,"300":1,"301":0,"302":0,"303":1,"304":0,"305":0,"306":0,"307":0,"308":0,"309":0,"310":0,"311":0,"312":0,"313":0,"314":0,"315":0,"316":0},"b":{"1":[24,24],"2":[24,0],"3":[24,24],"4":[3,0],"5":[3,0],"6":[0,3],"7":[0,3],"8":[0,3],"9":[3,0],"10":[0,3],"11":[0,0],"12":[15,1],"13":[15,0],"14":[15,0],"15":[14,0],"16":[0,14],"17":[0,0],"18":[0,0],"19":[14,0],"20":[14,14],"21":[0,14],"22":[0,0],"23":[0,0],"24":[0,0],"25":[0,0],"26":[0,0],"27":[13,0],"28":[0,4],"29":[4,3],"30":[0,0],"31":[1,3],"32":[4,1],"33":[3,0],"34":[3,3],"35":[4,0],"36":[4,0],"37":[0,4],"38":[6,3],"39":[0,3],"40":[3,0],"41":[3,0],"42":[3,0],"43":[0,3],"44":[0,0],"45":[0,0],"46":[3,0],"47":[0,0],"48":[0,0],"49":[0,0,0],"50":[0,3],"51":[3,3],"52":[3,0],"53":[2,0],"54":[2,0],"55":[0,3],"56":[0,0],"57":[0,0],"58":[0,0],"59":[0,0],"60":[0,0],"61":[0,0],"62":[0,0],"63":[0,0],"64":[0,0],"65":[0,0],"66":[0,0],"67":[0,0],"68":[0,0],"69":[0,0],"70":[0,0],"71":[0,0],"72":[0,0],"73":[0,0],"74":[0,0],"75":[0,0],"76":[0,0],"77":[0,0],"78":[0,0],"79":[0,0],"80":[0,0],"81":[0,0],"82":[0,0],"83":[0,0],"84":[0,0],"85":[0,0],"86":[0,0],"87":[0,0],"88":[0,0],"89":[0,0],"90":[0,0],"91":[0,0],"92":[0,0],"93":[0,0,0],"94":[0,0],"95":[0,0],"96":[0,0],"97":[0,0],"98":[0,0],"99":[0,1],"100":[0,0],"101":[0,0],"102":[0,0],"103":[0,0]},"f":{"1":1,"2":24,"3":48,"4":3,"5":0,"6":16,"7":13,"8":4,"9":0,"10":9,"11":0,"12":0,"13":3,"14":2,"15":2,"16":0,"17":0,"18":0,"19":0,"20":0,"21":0,"22":0,"23":0,"24":0,"25":0,"26":0,"27":0,"28":0,"29":0,"30":0,"31":0,"32":0,"33":0,"34":0,"35":0,"36":0,"37":0,"38":0},"fnMap":{"1":{"name":"(anonymous_1)","line":6,"loc":{"start":{"line":6,"column":1},"end":{"line":6,"column":12}}},"2":{"name":"(anonymous_2)","line":9,"loc":{"start":{"line":9,"column":15},"end":{"line":9,"column":28}}},"3":{"name":"(anonymous_3)","line":40,"loc":{"start":{"line":40,"column":18},"end":{"line":40,"column":50}}},"4":{"name":"(anonymous_4)","line":94,"loc":{"start":{"line":94,"column":14},"end":{"line":94,"column":25}}},"5":{"name":"(anonymous_5)","line":133,"loc":{"start":{"line":133,"column":17},"end":{"line":133,"column":28}}},"6":{"name":"(anonymous_6)","line":145,"loc":{"start":{"line":145,"column":23},"end":{"line":145,"column":41}}},"7":{"name":"(anonymous_7)","line":219,"loc":{"start":{"line":219,"column":32},"end":{"line":219,"column":60}}},"8":{"name":"(anonymous_8)","line":232,"loc":{"start":{"line":232,"column":24},"end":{"line":232,"column":42}}},"9":{"name":"(anonymous_9)","line":302,"loc":{"start":{"line":302,"column":22},"end":{"line":302,"column":40}}},"10":{"name":"(anonymous_10)","line":308,"loc":{"start":{"line":308,"column":22},"end":{"line":308,"column":40}}},"11":{"name":"(anonymous_11)","line":483,"loc":{"start":{"line":483,"column":19},"end":{"line":483,"column":37}}},"12":{"name":"(anonymous_12)","line":484,"loc":{"start":{"line":484,"column":37},"end":{"line":484,"column":48}}},"13":{"name":"(anonymous_13)","line":490,"loc":{"start":{"line":490,"column":18},"end":{"line":490,"column":36}}},"14":{"name":"(anonymous_14)","line":498,"loc":{"start":{"line":498,"column":47},"end":{"line":498,"column":58}}},"15":{"name":"(anonymous_15)","line":503,"loc":{"start":{"line":503,"column":47},"end":{"line":503,"column":58}}},"16":{"name":"(anonymous_16)","line":512,"loc":{"start":{"line":512,"column":41},"end":{"line":512,"column":54}}},"17":{"name":"(anonymous_17)","line":527,"loc":{"start":{"line":527,"column":17},"end":{"line":527,"column":28}}},"18":{"name":"(anonymous_18)","line":533,"loc":{"start":{"line":533,"column":17},"end":{"line":533,"column":28}}},"19":{"name":"(anonymous_19)","line":539,"loc":{"start":{"line":539,"column":14},"end":{"line":539,"column":25}}},"20":{"name":"(anonymous_20)","line":545,"loc":{"start":{"line":545,"column":26},"end":{"line":545,"column":36}}},"21":{"name":"(anonymous_21)","line":551,"loc":{"start":{"line":551,"column":14},"end":{"line":551,"column":25}}},"22":{"name":"(anonymous_22)","line":560,"loc":{"start":{"line":560,"column":15},"end":{"line":560,"column":26}}},"23":{"name":"(anonymous_23)","line":568,"loc":{"start":{"line":568,"column":18},"end":{"line":568,"column":29}}},"24":{"name":"(anonymous_24)","line":574,"loc":{"start":{"line":574,"column":10},"end":{"line":574,"column":39}}},"25":{"name":"(anonymous_25)","line":609,"loc":{"start":{"line":609,"column":25},"end":{"line":609,"column":36}}},"26":{"name":"(anonymous_26)","line":635,"loc":{"start":{"line":635,"column":26},"end":{"line":635,"column":37}}},"27":{"name":"(anonymous_27)","line":686,"loc":{"start":{"line":686,"column":25},"end":{"line":686,"column":36}}},"28":{"name":"(anonymous_28)","line":711,"loc":{"start":{"line":711,"column":26},"end":{"line":711,"column":37}}},"29":{"name":"(anonymous_29)","line":756,"loc":{"start":{"line":756,"column":21},"end":{"line":756,"column":32}}},"30":{"name":"(anonymous_30)","line":765,"loc":{"start":{"line":765,"column":8},"end":{"line":765,"column":19}}},"31":{"name":"update","line":768,"loc":{"start":{"line":768,"column":4},"end":{"line":768,"column":24}}},"32":{"name":"(anonymous_32)","line":769,"loc":{"start":{"line":769,"column":12},"end":{"line":769,"column":28}}},"33":{"name":"(anonymous_33)","line":779,"loc":{"start":{"line":779,"column":17},"end":{"line":779,"column":49}}},"34":{"name":"(anonymous_34)","line":783,"loc":{"start":{"line":783,"column":20},"end":{"line":783,"column":45}}},"35":{"name":"(anonymous_35)","line":787,"loc":{"start":{"line":787,"column":20},"end":{"line":787,"column":52}}},"36":{"name":"(anonymous_36)","line":791,"loc":{"start":{"line":791,"column":15},"end":{"line":791,"column":31}}},"37":{"name":"(anonymous_37)","line":795,"loc":{"start":{"line":795,"column":11},"end":{"line":795,"column":23}}},"38":{"name":"(anonymous_38)","line":801,"loc":{"start":{"line":801,"column":10},"end":{"line":801,"column":21}}}},"statementMap":{"1":{"start":{"line":6,"column":0},"end":{"line":810,"column":5}},"2":{"start":{"line":9,"column":1},"end":{"line":760,"column":3}},"3":{"start":{"line":10,"column":2},"end":{"line":36,"column":15}},"4":{"start":{"line":40,"column":2},"end":{"line":47,"column":4}},"5":{"start":{"line":41,"column":3},"end":{"line":43,"column":4}},"6":{"start":{"line":42,"column":4},"end":{"line":42,"column":37}},"7":{"start":{"line":44,"column":3},"end":{"line":46,"column":4}},"8":{"start":{"line":45,"column":4},"end":{"line":45,"column":18}},"9":{"start":{"line":51,"column":2},"end":{"line":75,"column":4}},"10":{"start":{"line":86,"column":2},"end":{"line":89,"column":3}},"11":{"start":{"line":87,"column":3},"end":{"line":87,"column":29}},"12":{"start":{"line":88,"column":3},"end":{"line":88,"column":72}},"13":{"start":{"line":94,"column":2},"end":{"line":141,"column":4}},"14":{"start":{"line":96,"column":3},"end":{"line":96,"column":78}},"15":{"start":{"line":99,"column":3},"end":{"line":99,"column":36}},"16":{"start":{"line":102,"column":3},"end":{"line":102,"column":45}},"17":{"start":{"line":106,"column":3},"end":{"line":108,"column":4}},"18":{"start":{"line":107,"column":4},"end":{"line":107,"column":38}},"19":{"start":{"line":111,"column":3},"end":{"line":113,"column":4}},"20":{"start":{"line":112,"column":4},"end":{"line":112,"column":35}},"21":{"start":{"line":116,"column":3},"end":{"line":118,"column":4}},"22":{"start":{"line":117,"column":4},"end":{"line":117,"column":36}},"23":{"start":{"line":121,"column":3},"end":{"line":123,"column":4}},"24":{"start":{"line":122,"column":4},"end":{"line":122,"column":42}},"25":{"start":{"line":126,"column":3},"end":{"line":126,"column":35}},"26":{"start":{"line":128,"column":3},"end":{"line":128,"column":31}},"27":{"start":{"line":129,"column":3},"end":{"line":129,"column":19}},"28":{"start":{"line":130,"column":3},"end":{"line":140,"column":4}},"29":{"start":{"line":132,"column":4},"end":{"line":139,"column":5}},"30":{"start":{"line":133,"column":5},"end":{"line":138,"column":42}},"31":{"start":{"line":134,"column":6},"end":{"line":137,"column":7}},"32":{"start":{"line":135,"column":7},"end":{"line":135,"column":45}},"33":{"start":{"line":136,"column":7},"end":{"line":136,"column":35}},"34":{"start":{"line":145,"column":2},"end":{"line":215,"column":4}},"35":{"start":{"line":146,"column":3},"end":{"line":155,"column":5}},"36":{"start":{"line":158,"column":3},"end":{"line":162,"column":4}},"37":{"start":{"line":159,"column":4},"end":{"line":159,"column":57}},"38":{"start":{"line":161,"column":4},"end":{"line":161,"column":30}},"39":{"start":{"line":165,"column":3},"end":{"line":170,"column":4}},"40":{"start":{"line":166,"column":4},"end":{"line":166,"column":59}},"41":{"start":{"line":167,"column":4},"end":{"line":167,"column":82}},"42":{"start":{"line":169,"column":4},"end":{"line":169,"column":34}},"43":{"start":{"line":171,"column":3},"end":{"line":176,"column":4}},"44":{"start":{"line":172,"column":4},"end":{"line":172,"column":87}},"45":{"start":{"line":174,"column":4},"end":{"line":174,"column":40}},"46":{"start":{"line":177,"column":3},"end":{"line":191,"column":4}},"47":{"start":{"line":178,"column":4},"end":{"line":183,"column":5}},"48":{"start":{"line":179,"column":5},"end":{"line":179,"column":74}},"49":{"start":{"line":180,"column":5},"end":{"line":180,"column":74}},"50":{"start":{"line":182,"column":5},"end":{"line":182,"column":33}},"51":{"start":{"line":185,"column":4},"end":{"line":190,"column":5}},"52":{"start":{"line":186,"column":5},"end":{"line":186,"column":74}},"53":{"start":{"line":187,"column":5},"end":{"line":187,"column":74}},"54":{"start":{"line":189,"column":5},"end":{"line":189,"column":31}},"55":{"start":{"line":195,"column":3},"end":{"line":214,"column":4}},"56":{"start":{"line":196,"column":4},"end":{"line":213,"column":5}},"57":{"start":{"line":197,"column":5},"end":{"line":197,"column":73}},"58":{"start":{"line":198,"column":5},"end":{"line":207,"column":6}},"59":{"start":{"line":199,"column":6},"end":{"line":199,"column":80}},"60":{"start":{"line":200,"column":6},"end":{"line":204,"column":7}},"61":{"start":{"line":201,"column":7},"end":{"line":201,"column":101}},"62":{"start":{"line":203,"column":7},"end":{"line":203,"column":40}},"63":{"start":{"line":206,"column":6},"end":{"line":206,"column":38}},"64":{"start":{"line":208,"column":5},"end":{"line":210,"column":6}},"65":{"start":{"line":209,"column":6},"end":{"line":209,"column":38}},"66":{"start":{"line":212,"column":5},"end":{"line":212,"column":34}},"67":{"start":{"line":219,"column":2},"end":{"line":228,"column":4}},"68":{"start":{"line":221,"column":3},"end":{"line":221,"column":76}},"69":{"start":{"line":222,"column":3},"end":{"line":222,"column":43}},"70":{"start":{"line":224,"column":3},"end":{"line":227,"column":4}},"71":{"start":{"line":225,"column":4},"end":{"line":225,"column":45}},"72":{"start":{"line":226,"column":4},"end":{"line":226,"column":45}},"73":{"start":{"line":232,"column":2},"end":{"line":300,"column":4}},"74":{"start":{"line":234,"column":3},"end":{"line":234,"column":63}},"75":{"start":{"line":237,"column":3},"end":{"line":237,"column":46}},"76":{"start":{"line":238,"column":3},"end":{"line":238,"column":33}},"77":{"start":{"line":244,"column":3},"end":{"line":249,"column":4}},"78":{"start":{"line":245,"column":4},"end":{"line":245,"column":20}},"79":{"start":{"line":246,"column":4},"end":{"line":248,"column":5}},"80":{"start":{"line":247,"column":5},"end":{"line":247,"column":32}},"81":{"start":{"line":258,"column":3},"end":{"line":262,"column":4}},"82":{"start":{"line":259,"column":4},"end":{"line":259,"column":27}},"83":{"start":{"line":260,"column":10},"end":{"line":262,"column":4}},"84":{"start":{"line":261,"column":4},"end":{"line":261,"column":27}},"85":{"start":{"line":264,"column":3},"end":{"line":264,"column":26}},"86":{"start":{"line":267,"column":3},"end":{"line":273,"column":4}},"87":{"start":{"line":268,"column":4},"end":{"line":268,"column":38}},"88":{"start":{"line":269,"column":4},"end":{"line":272,"column":5}},"89":{"start":{"line":270,"column":5},"end":{"line":270,"column":17}},"90":{"start":{"line":271,"column":5},"end":{"line":271,"column":42}},"91":{"start":{"line":278,"column":3},"end":{"line":283,"column":4}},"92":{"start":{"line":279,"column":4},"end":{"line":279,"column":38}},"93":{"start":{"line":280,"column":4},"end":{"line":280,"column":39}},"94":{"start":{"line":281,"column":4},"end":{"line":281,"column":33}},"95":{"start":{"line":282,"column":4},"end":{"line":282,"column":41}},"96":{"start":{"line":286,"column":3},"end":{"line":299,"column":4}},"97":{"start":{"line":287,"column":4},"end":{"line":287,"column":57}},"98":{"start":{"line":288,"column":4},"end":{"line":290,"column":5}},"99":{"start":{"line":289,"column":5},"end":{"line":289,"column":23}},"100":{"start":{"line":293,"column":4},"end":{"line":293,"column":54}},"101":{"start":{"line":294,"column":4},"end":{"line":294,"column":38}},"102":{"start":{"line":295,"column":4},"end":{"line":295,"column":33}},"103":{"start":{"line":296,"column":4},"end":{"line":296,"column":72}},"104":{"start":{"line":298,"column":4},"end":{"line":298,"column":18}},"105":{"start":{"line":302,"column":2},"end":{"line":304,"column":4}},"106":{"start":{"line":308,"column":2},"end":{"line":481,"column":4}},"107":{"start":{"line":310,"column":3},"end":{"line":310,"column":63}},"108":{"start":{"line":311,"column":3},"end":{"line":311,"column":31}},"109":{"start":{"line":314,"column":3},"end":{"line":316,"column":4}},"110":{"start":{"line":315,"column":4},"end":{"line":315,"column":57}},"111":{"start":{"line":319,"column":3},"end":{"line":321,"column":4}},"112":{"start":{"line":320,"column":4},"end":{"line":320,"column":47}},"113":{"start":{"line":324,"column":3},"end":{"line":324,"column":40}},"114":{"start":{"line":327,"column":3},"end":{"line":330,"column":5}},"115":{"start":{"line":333,"column":3},"end":{"line":335,"column":5}},"116":{"start":{"line":339,"column":3},"end":{"line":339,"column":36}},"117":{"start":{"line":340,"column":3},"end":{"line":340,"column":38}},"118":{"start":{"line":343,"column":3},"end":{"line":468,"column":4}},"119":{"start":{"line":346,"column":4},"end":{"line":349,"column":6}},"120":{"start":{"line":351,"column":4},"end":{"line":453,"column":5}},"121":{"start":{"line":352,"column":5},"end":{"line":423,"column":6}},"122":{"start":{"line":353,"column":6},"end":{"line":353,"column":35}},"123":{"start":{"line":354,"column":6},"end":{"line":354,"column":22}},"124":{"start":{"line":355,"column":6},"end":{"line":355,"column":49}},"125":{"start":{"line":358,"column":6},"end":{"line":358,"column":48}},"126":{"start":{"line":359,"column":6},"end":{"line":359,"column":95}},"127":{"start":{"line":360,"column":6},"end":{"line":360,"column":21}},"128":{"start":{"line":361,"column":6},"end":{"line":361,"column":54}},"129":{"start":{"line":362,"column":6},"end":{"line":362,"column":25}},"130":{"start":{"line":365,"column":6},"end":{"line":371,"column":8}},"131":{"start":{"line":373,"column":6},"end":{"line":375,"column":8}},"132":{"start":{"line":377,"column":6},"end":{"line":377,"column":42}},"133":{"start":{"line":379,"column":6},"end":{"line":383,"column":7}},"134":{"start":{"line":380,"column":7},"end":{"line":380,"column":78}},"135":{"start":{"line":382,"column":7},"end":{"line":382,"column":23}},"136":{"start":{"line":386,"column":6},"end":{"line":392,"column":8}},"137":{"start":{"line":394,"column":6},"end":{"line":394,"column":54}},"138":{"start":{"line":395,"column":6},"end":{"line":395,"column":54}},"139":{"start":{"line":397,"column":6},"end":{"line":397,"column":48}},"140":{"start":{"line":398,"column":6},"end":{"line":398,"column":49}},"141":{"start":{"line":399,"column":6},"end":{"line":399,"column":56}},"142":{"start":{"line":401,"column":6},"end":{"line":407,"column":8}},"143":{"start":{"line":409,"column":6},"end":{"line":413,"column":7}},"144":{"start":{"line":410,"column":7},"end":{"line":410,"column":78}},"145":{"start":{"line":412,"column":7},"end":{"line":412,"column":23}},"146":{"start":{"line":416,"column":6},"end":{"line":422,"column":8}},"147":{"start":{"line":425,"column":5},"end":{"line":425,"column":47}},"148":{"start":{"line":426,"column":5},"end":{"line":426,"column":48}},"149":{"start":{"line":428,"column":5},"end":{"line":433,"column":7}},"150":{"start":{"line":435,"column":5},"end":{"line":439,"column":6}},"151":{"start":{"line":436,"column":6},"end":{"line":436,"column":77}},"152":{"start":{"line":438,"column":6},"end":{"line":438,"column":22}},"153":{"start":{"line":441,"column":5},"end":{"line":443,"column":6}},"154":{"start":{"line":442,"column":6},"end":{"line":442,"column":82}},"155":{"start":{"line":446,"column":5},"end":{"line":452,"column":7}},"156":{"start":{"line":457,"column":4},"end":{"line":462,"column":6}},"157":{"start":{"line":464,"column":4},"end":{"line":467,"column":6}},"158":{"start":{"line":470,"column":3},"end":{"line":470,"column":37}},"159":{"start":{"line":471,"column":3},"end":{"line":471,"column":39}},"160":{"start":{"line":472,"column":3},"end":{"line":472,"column":35}},"161":{"start":{"line":474,"column":3},"end":{"line":474,"column":71}},"162":{"start":{"line":475,"column":3},"end":{"line":475,"column":64}},"163":{"start":{"line":477,"column":3},"end":{"line":479,"column":4}},"164":{"start":{"line":478,"column":4},"end":{"line":478,"column":56}},"165":{"start":{"line":483,"column":2},"end":{"line":488,"column":4}},"166":{"start":{"line":484,"column":3},"end":{"line":487,"column":6}},"167":{"start":{"line":485,"column":4},"end":{"line":485,"column":31}},"168":{"start":{"line":486,"column":4},"end":{"line":486,"column":30}},"169":{"start":{"line":490,"column":2},"end":{"line":523,"column":4}},"170":{"start":{"line":492,"column":3},"end":{"line":494,"column":4}},"171":{"start":{"line":493,"column":4},"end":{"line":493,"column":28}},"172":{"start":{"line":497,"column":3},"end":{"line":508,"column":4}},"173":{"start":{"line":498,"column":4},"end":{"line":502,"column":7}},"174":{"start":{"line":499,"column":5},"end":{"line":501,"column":6}},"175":{"start":{"line":500,"column":6},"end":{"line":500,"column":18}},"176":{"start":{"line":503,"column":4},"end":{"line":507,"column":7}},"177":{"start":{"line":504,"column":5},"end":{"line":506,"column":6}},"178":{"start":{"line":505,"column":6},"end":{"line":505,"column":18}},"179":{"start":{"line":511,"column":3},"end":{"line":522,"column":4}},"180":{"start":{"line":512,"column":4},"end":{"line":521,"column":7}},"181":{"start":{"line":514,"column":5},"end":{"line":520,"column":6}},"182":{"start":{"line":515,"column":6},"end":{"line":519,"column":7}},"183":{"start":{"line":516,"column":7},"end":{"line":516,"column":19}},"184":{"start":{"line":517,"column":13},"end":{"line":519,"column":7}},"185":{"start":{"line":518,"column":7},"end":{"line":518,"column":19}},"186":{"start":{"line":527,"column":2},"end":{"line":529,"column":4}},"187":{"start":{"line":533,"column":2},"end":{"line":535,"column":4}},"188":{"start":{"line":534,"column":3},"end":{"line":534,"column":35}},"189":{"start":{"line":539,"column":2},"end":{"line":543,"column":4}},"190":{"start":{"line":540,"column":3},"end":{"line":542,"column":4}},"191":{"start":{"line":541,"column":4},"end":{"line":541,"column":32}},"192":{"start":{"line":545,"column":2},"end":{"line":547,"column":3}},"193":{"start":{"line":546,"column":3},"end":{"line":546,"column":40}},"194":{"start":{"line":551,"column":2},"end":{"line":555,"column":4}},"195":{"start":{"line":552,"column":3},"end":{"line":554,"column":4}},"196":{"start":{"line":553,"column":4},"end":{"line":553,"column":32}},"197":{"start":{"line":560,"column":2},"end":{"line":564,"column":4}},"198":{"start":{"line":561,"column":3},"end":{"line":563,"column":4}},"199":{"start":{"line":562,"column":4},"end":{"line":562,"column":30}},"200":{"start":{"line":568,"column":2},"end":{"line":570,"column":4}},"201":{"start":{"line":569,"column":3},"end":{"line":569,"column":31}},"202":{"start":{"line":574,"column":2},"end":{"line":759,"column":4}},"203":{"start":{"line":575,"column":3},"end":{"line":575,"column":35}},"204":{"start":{"line":576,"column":3},"end":{"line":726,"column":4}},"205":{"start":{"line":577,"column":4},"end":{"line":724,"column":5}},"206":{"start":{"line":578,"column":5},"end":{"line":597,"column":6}},"207":{"start":{"line":579,"column":6},"end":{"line":588,"column":7}},"208":{"start":{"line":580,"column":7},"end":{"line":584,"column":8}},"209":{"start":{"line":581,"column":8},"end":{"line":581,"column":54}},"210":{"start":{"line":583,"column":8},"end":{"line":583,"column":51}},"211":{"start":{"line":585,"column":7},"end":{"line":587,"column":8}},"212":{"start":{"line":586,"column":8},"end":{"line":586,"column":54}},"213":{"start":{"line":589,"column":6},"end":{"line":589,"column":24}},"214":{"start":{"line":591,"column":6},"end":{"line":596,"column":7}},"215":{"start":{"line":592,"column":7},"end":{"line":592,"column":43}},"216":{"start":{"line":594,"column":7},"end":{"line":594,"column":53}},"217":{"start":{"line":595,"column":7},"end":{"line":595,"column":50}},"218":{"start":{"line":598,"column":5},"end":{"line":602,"column":6}},"219":{"start":{"line":599,"column":6},"end":{"line":601,"column":7}},"220":{"start":{"line":600,"column":7},"end":{"line":600,"column":55}},"221":{"start":{"line":604,"column":5},"end":{"line":644,"column":6}},"222":{"start":{"line":605,"column":6},"end":{"line":643,"column":7}},"223":{"start":{"line":609,"column":7},"end":{"line":642,"column":15}},"224":{"start":{"line":610,"column":8},"end":{"line":610,"column":52}},"225":{"start":{"line":611,"column":8},"end":{"line":611,"column":50}},"226":{"start":{"line":613,"column":8},"end":{"line":617,"column":9}},"227":{"start":{"line":614,"column":9},"end":{"line":614,"column":68}},"228":{"start":{"line":616,"column":9},"end":{"line":616,"column":70}},"229":{"start":{"line":619,"column":8},"end":{"line":621,"column":9}},"230":{"start":{"line":620,"column":9},"end":{"line":620,"column":46}},"231":{"start":{"line":623,"column":8},"end":{"line":623,"column":71}},"232":{"start":{"line":624,"column":8},"end":{"line":624,"column":73}},"233":{"start":{"line":626,"column":8},"end":{"line":633,"column":9}},"234":{"start":{"line":627,"column":9},"end":{"line":627,"column":84}},"235":{"start":{"line":628,"column":9},"end":{"line":628,"column":90}},"236":{"start":{"line":629,"column":9},"end":{"line":629,"column":31}},"237":{"start":{"line":631,"column":9},"end":{"line":631,"column":58}},"238":{"start":{"line":632,"column":9},"end":{"line":632,"column":31}},"239":{"start":{"line":635,"column":8},"end":{"line":640,"column":15}},"240":{"start":{"line":636,"column":9},"end":{"line":639,"column":10}},"241":{"start":{"line":637,"column":10},"end":{"line":637,"column":94}},"242":{"start":{"line":638,"column":10},"end":{"line":638,"column":76}},"243":{"start":{"line":647,"column":5},"end":{"line":667,"column":6}},"244":{"start":{"line":648,"column":6},"end":{"line":648,"column":24}},"245":{"start":{"line":649,"column":6},"end":{"line":661,"column":7}},"246":{"start":{"line":650,"column":7},"end":{"line":650,"column":53}},"247":{"start":{"line":652,"column":7},"end":{"line":660,"column":8}},"248":{"start":{"line":653,"column":8},"end":{"line":655,"column":9}},"249":{"start":{"line":654,"column":9},"end":{"line":654,"column":52}},"250":{"start":{"line":657,"column":8},"end":{"line":659,"column":9}},"251":{"start":{"line":658,"column":9},"end":{"line":658,"column":52}},"252":{"start":{"line":664,"column":6},"end":{"line":666,"column":7}},"253":{"start":{"line":665,"column":7},"end":{"line":665,"column":27}},"254":{"start":{"line":669,"column":5},"end":{"line":673,"column":6}},"255":{"start":{"line":670,"column":6},"end":{"line":672,"column":7}},"256":{"start":{"line":671,"column":7},"end":{"line":671,"column":27}},"257":{"start":{"line":675,"column":5},"end":{"line":722,"column":6}},"258":{"start":{"line":676,"column":6},"end":{"line":680,"column":7}},"259":{"start":{"line":677,"column":7},"end":{"line":677,"column":80}},"260":{"start":{"line":679,"column":7},"end":{"line":679,"column":79}},"261":{"start":{"line":682,"column":6},"end":{"line":721,"column":7}},"262":{"start":{"line":686,"column":7},"end":{"line":718,"column":15}},"263":{"start":{"line":687,"column":8},"end":{"line":687,"column":52}},"264":{"start":{"line":688,"column":8},"end":{"line":688,"column":28}},"265":{"start":{"line":689,"column":8},"end":{"line":693,"column":9}},"266":{"start":{"line":690,"column":9},"end":{"line":690,"column":68}},"267":{"start":{"line":692,"column":9},"end":{"line":692,"column":70}},"268":{"start":{"line":695,"column":8},"end":{"line":697,"column":9}},"269":{"start":{"line":696,"column":9},"end":{"line":696,"column":46}},"270":{"start":{"line":699,"column":8},"end":{"line":699,"column":71}},"271":{"start":{"line":700,"column":8},"end":{"line":700,"column":73}},"272":{"start":{"line":702,"column":8},"end":{"line":709,"column":9}},"273":{"start":{"line":703,"column":9},"end":{"line":703,"column":84}},"274":{"start":{"line":704,"column":9},"end":{"line":704,"column":90}},"275":{"start":{"line":705,"column":9},"end":{"line":705,"column":31}},"276":{"start":{"line":707,"column":9},"end":{"line":707,"column":58}},"277":{"start":{"line":708,"column":9},"end":{"line":708,"column":31}},"278":{"start":{"line":711,"column":8},"end":{"line":716,"column":15}},"279":{"start":{"line":712,"column":9},"end":{"line":715,"column":10}},"280":{"start":{"line":713,"column":10},"end":{"line":713,"column":94}},"281":{"start":{"line":714,"column":10},"end":{"line":714,"column":76}},"282":{"start":{"line":728,"column":3},"end":{"line":732,"column":4}},"283":{"start":{"line":729,"column":4},"end":{"line":729,"column":63}},"284":{"start":{"line":731,"column":4},"end":{"line":731,"column":65}},"285":{"start":{"line":733,"column":3},"end":{"line":735,"column":4}},"286":{"start":{"line":734,"column":4},"end":{"line":734,"column":84}},"287":{"start":{"line":737,"column":3},"end":{"line":739,"column":4}},"288":{"start":{"line":738,"column":4},"end":{"line":738,"column":41}},"289":{"start":{"line":740,"column":3},"end":{"line":747,"column":4}},"290":{"start":{"line":741,"column":4},"end":{"line":746,"column":5}},"291":{"start":{"line":742,"column":5},"end":{"line":742,"column":53}},"292":{"start":{"line":744,"column":5},"end":{"line":744,"column":70}},"293":{"start":{"line":748,"column":3},"end":{"line":755,"column":4}},"294":{"start":{"line":749,"column":4},"end":{"line":754,"column":5}},"295":{"start":{"line":750,"column":5},"end":{"line":750,"column":80}},"296":{"start":{"line":751,"column":5},"end":{"line":751,"column":86}},"297":{"start":{"line":753,"column":5},"end":{"line":753,"column":54}},"298":{"start":{"line":756,"column":3},"end":{"line":758,"column":26}},"299":{"start":{"line":757,"column":4},"end":{"line":757,"column":37}},"300":{"start":{"line":763,"column":1},"end":{"line":809,"column":2}},"301":{"start":{"line":764,"column":2},"end":{"line":808,"column":5}},"302":{"start":{"line":766,"column":4},"end":{"line":766,"column":20}},"303":{"start":{"line":768,"column":4},"end":{"line":776,"column":5}},"304":{"start":{"line":769,"column":5},"end":{"line":775,"column":7}},"305":{"start":{"line":770,"column":6},"end":{"line":771,"column":38}},"306":{"start":{"line":773,"column":6},"end":{"line":773,"column":32}},"307":{"start":{"line":774,"column":6},"end":{"line":774,"column":41}},"308":{"start":{"line":778,"column":4},"end":{"line":798,"column":6}},"309":{"start":{"line":780,"column":6},"end":{"line":780,"column":36}},"310":{"start":{"line":784,"column":6},"end":{"line":784,"column":41}},"311":{"start":{"line":788,"column":6},"end":{"line":788,"column":62}},"312":{"start":{"line":792,"column":6},"end":{"line":792,"column":59}},"313":{"start":{"line":796,"column":6},"end":{"line":796,"column":52}},"314":{"start":{"line":800,"column":4},"end":{"line":804,"column":7}},"315":{"start":{"line":802,"column":6},"end":{"line":802,"column":48}},"316":{"start":{"line":806,"column":4},"end":{"line":806,"column":15}}},"branchMap":{"1":{"line":44,"type":"if","locations":[{"start":{"line":44,"column":3},"end":{"line":44,"column":3}},{"start":{"line":44,"column":3},"end":{"line":44,"column":3}}]},"2":{"line":86,"type":"if","locations":[{"start":{"line":86,"column":2},"end":{"line":86,"column":2}},{"start":{"line":86,"column":2},"end":{"line":86,"column":2}}]},"3":{"line":86,"type":"binary-expr","locations":[{"start":{"line":86,"column":6},"end":{"line":86,"column":18}},{"start":{"line":86,"column":22},"end":{"line":86,"column":54}}]},"4":{"line":96,"type":"cond-expr","locations":[{"start":{"line":96,"column":50},"end":{"line":96,"column":73}},{"start":{"line":96,"column":76},"end":{"line":96,"column":77}}]},"5":{"line":106,"type":"if","locations":[{"start":{"line":106,"column":3},"end":{"line":106,"column":3}},{"start":{"line":106,"column":3},"end":{"line":106,"column":3}}]},"6":{"line":111,"type":"if","locations":[{"start":{"line":111,"column":3},"end":{"line":111,"column":3}},{"start":{"line":111,"column":3},"end":{"line":111,"column":3}}]},"7":{"line":116,"type":"if","locations":[{"start":{"line":116,"column":3},"end":{"line":116,"column":3}},{"start":{"line":116,"column":3},"end":{"line":116,"column":3}}]},"8":{"line":121,"type":"if","locations":[{"start":{"line":121,"column":3},"end":{"line":121,"column":3}},{"start":{"line":121,"column":3},"end":{"line":121,"column":3}}]},"9":{"line":130,"type":"if","locations":[{"start":{"line":130,"column":3},"end":{"line":130,"column":3}},{"start":{"line":130,"column":3},"end":{"line":130,"column":3}}]},"10":{"line":132,"type":"if","locations":[{"start":{"line":132,"column":4},"end":{"line":132,"column":4}},{"start":{"line":132,"column":4},"end":{"line":132,"column":4}}]},"11":{"line":134,"type":"if","locations":[{"start":{"line":134,"column":6},"end":{"line":134,"column":6}},{"start":{"line":134,"column":6},"end":{"line":134,"column":6}}]},"12":{"line":158,"type":"if","locations":[{"start":{"line":158,"column":3},"end":{"line":158,"column":3}},{"start":{"line":158,"column":3},"end":{"line":158,"column":3}}]},"13":{"line":165,"type":"if","locations":[{"start":{"line":165,"column":3},"end":{"line":165,"column":3}},{"start":{"line":165,"column":3},"end":{"line":165,"column":3}}]},"14":{"line":165,"type":"binary-expr","locations":[{"start":{"line":165,"column":7},"end":{"line":165,"column":53}},{"start":{"line":165,"column":58},"end":{"line":165,"column":109}}]},"15":{"line":171,"type":"if","locations":[{"start":{"line":171,"column":3},"end":{"line":171,"column":3}},{"start":{"line":171,"column":3},"end":{"line":171,"column":3}}]},"16":{"line":177,"type":"if","locations":[{"start":{"line":177,"column":3},"end":{"line":177,"column":3}},{"start":{"line":177,"column":3},"end":{"line":177,"column":3}}]},"17":{"line":178,"type":"if","locations":[{"start":{"line":178,"column":4},"end":{"line":178,"column":4}},{"start":{"line":178,"column":4},"end":{"line":178,"column":4}}]},"18":{"line":178,"type":"binary-expr","locations":[{"start":{"line":178,"column":8},"end":{"line":178,"column":71}},{"start":{"line":178,"column":75},"end":{"line":178,"column":138}}]},"19":{"line":185,"type":"if","locations":[{"start":{"line":185,"column":4},"end":{"line":185,"column":4}},{"start":{"line":185,"column":4},"end":{"line":185,"column":4}}]},"20":{"line":185,"type":"binary-expr","locations":[{"start":{"line":185,"column":8},"end":{"line":185,"column":71}},{"start":{"line":185,"column":75},"end":{"line":185,"column":138}}]},"21":{"line":195,"type":"if","locations":[{"start":{"line":195,"column":3},"end":{"line":195,"column":3}},{"start":{"line":195,"column":3},"end":{"line":195,"column":3}}]},"22":{"line":196,"type":"if","locations":[{"start":{"line":196,"column":4},"end":{"line":196,"column":4}},{"start":{"line":196,"column":4},"end":{"line":196,"column":4}}]},"23":{"line":198,"type":"if","locations":[{"start":{"line":198,"column":5},"end":{"line":198,"column":5}},{"start":{"line":198,"column":5},"end":{"line":198,"column":5}}]},"24":{"line":198,"type":"binary-expr","locations":[{"start":{"line":198,"column":9},"end":{"line":198,"column":66}},{"start":{"line":198,"column":71},"end":{"line":198,"column":133}}]},"25":{"line":200,"type":"if","locations":[{"start":{"line":200,"column":6},"end":{"line":200,"column":6}},{"start":{"line":200,"column":6},"end":{"line":200,"column":6}}]},"26":{"line":208,"type":"if","locations":[{"start":{"line":208,"column":5},"end":{"line":208,"column":5}},{"start":{"line":208,"column":5},"end":{"line":208,"column":5}}]},"27":{"line":224,"type":"if","locations":[{"start":{"line":224,"column":3},"end":{"line":224,"column":3}},{"start":{"line":224,"column":3},"end":{"line":224,"column":3}}]},"28":{"line":244,"type":"if","locations":[{"start":{"line":244,"column":3},"end":{"line":244,"column":3}},{"start":{"line":244,"column":3},"end":{"line":244,"column":3}}]},"29":{"line":244,"type":"binary-expr","locations":[{"start":{"line":244,"column":7},"end":{"line":244,"column":28}},{"start":{"line":244,"column":32},"end":{"line":244,"column":49}}]},"30":{"line":246,"type":"if","locations":[{"start":{"line":246,"column":4},"end":{"line":246,"column":4}},{"start":{"line":246,"column":4},"end":{"line":246,"column":4}}]},"31":{"line":258,"type":"if","locations":[{"start":{"line":258,"column":3},"end":{"line":258,"column":3}},{"start":{"line":258,"column":3},"end":{"line":258,"column":3}}]},"32":{"line":258,"type":"binary-expr","locations":[{"start":{"line":258,"column":7},"end":{"line":258,"column":21}},{"start":{"line":258,"column":25},"end":{"line":258,"column":40}}]},"33":{"line":260,"type":"if","locations":[{"start":{"line":260,"column":10},"end":{"line":260,"column":10}},{"start":{"line":260,"column":10},"end":{"line":260,"column":10}}]},"34":{"line":260,"type":"binary-expr","locations":[{"start":{"line":260,"column":14},"end":{"line":260,"column":30}},{"start":{"line":260,"column":34},"end":{"line":260,"column":47}}]},"35":{"line":267,"type":"if","locations":[{"start":{"line":267,"column":3},"end":{"line":267,"column":3}},{"start":{"line":267,"column":3},"end":{"line":267,"column":3}}]},"36":{"line":269,"type":"if","locations":[{"start":{"line":269,"column":4},"end":{"line":269,"column":4}},{"start":{"line":269,"column":4},"end":{"line":269,"column":4}}]},"37":{"line":288,"type":"if","locations":[{"start":{"line":288,"column":4},"end":{"line":288,"column":4}},{"start":{"line":288,"column":4},"end":{"line":288,"column":4}}]},"38":{"line":314,"type":"if","locations":[{"start":{"line":314,"column":3},"end":{"line":314,"column":3}},{"start":{"line":314,"column":3},"end":{"line":314,"column":3}}]},"39":{"line":319,"type":"if","locations":[{"start":{"line":319,"column":3},"end":{"line":319,"column":3}},{"start":{"line":319,"column":3},"end":{"line":319,"column":3}}]},"40":{"line":319,"type":"binary-expr","locations":[{"start":{"line":319,"column":7},"end":{"line":319,"column":22}},{"start":{"line":319,"column":26},"end":{"line":319,"column":45}}]},"41":{"line":343,"type":"if","locations":[{"start":{"line":343,"column":3},"end":{"line":343,"column":3}},{"start":{"line":343,"column":3},"end":{"line":343,"column":3}}]},"42":{"line":351,"type":"if","locations":[{"start":{"line":351,"column":4},"end":{"line":351,"column":4}},{"start":{"line":351,"column":4},"end":{"line":351,"column":4}}]},"43":{"line":352,"type":"if","locations":[{"start":{"line":352,"column":5},"end":{"line":352,"column":5}},{"start":{"line":352,"column":5},"end":{"line":352,"column":5}}]},"44":{"line":359,"type":"cond-expr","locations":[{"start":{"line":359,"column":54},"end":{"line":359,"column":65}},{"start":{"line":359,"column":68},"end":{"line":359,"column":94}}]},"45":{"line":379,"type":"if","locations":[{"start":{"line":379,"column":6},"end":{"line":379,"column":6}},{"start":{"line":379,"column":6},"end":{"line":379,"column":6}}]},"46":{"line":409,"type":"if","locations":[{"start":{"line":409,"column":6},"end":{"line":409,"column":6}},{"start":{"line":409,"column":6},"end":{"line":409,"column":6}}]},"47":{"line":435,"type":"if","locations":[{"start":{"line":435,"column":5},"end":{"line":435,"column":5}},{"start":{"line":435,"column":5},"end":{"line":435,"column":5}}]},"48":{"line":441,"type":"if","locations":[{"start":{"line":441,"column":5},"end":{"line":441,"column":5}},{"start":{"line":441,"column":5},"end":{"line":441,"column":5}}]},"49":{"line":441,"type":"binary-expr","locations":[{"start":{"line":441,"column":9},"end":{"line":441,"column":27}},{"start":{"line":441,"column":31},"end":{"line":441,"column":48}},{"start":{"line":441,"column":52},"end":{"line":441,"column":69}}]},"50":{"line":492,"type":"if","locations":[{"start":{"line":492,"column":3},"end":{"line":492,"column":3}},{"start":{"line":492,"column":3},"end":{"line":492,"column":3}}]},"51":{"line":492,"type":"binary-expr","locations":[{"start":{"line":492,"column":7},"end":{"line":492,"column":34}},{"start":{"line":492,"column":38},"end":{"line":492,"column":63}}]},"52":{"line":497,"type":"if","locations":[{"start":{"line":497,"column":3},"end":{"line":497,"column":3}},{"start":{"line":497,"column":3},"end":{"line":497,"column":3}}]},"53":{"line":499,"type":"if","locations":[{"start":{"line":499,"column":5},"end":{"line":499,"column":5}},{"start":{"line":499,"column":5},"end":{"line":499,"column":5}}]},"54":{"line":504,"type":"if","locations":[{"start":{"line":504,"column":5},"end":{"line":504,"column":5}},{"start":{"line":504,"column":5},"end":{"line":504,"column":5}}]},"55":{"line":511,"type":"if","locations":[{"start":{"line":511,"column":3},"end":{"line":511,"column":3}},{"start":{"line":511,"column":3},"end":{"line":511,"column":3}}]},"56":{"line":514,"type":"if","locations":[{"start":{"line":514,"column":5},"end":{"line":514,"column":5}},{"start":{"line":514,"column":5},"end":{"line":514,"column":5}}]},"57":{"line":515,"type":"if","locations":[{"start":{"line":515,"column":6},"end":{"line":515,"column":6}},{"start":{"line":515,"column":6},"end":{"line":515,"column":6}}]},"58":{"line":517,"type":"if","locations":[{"start":{"line":517,"column":13},"end":{"line":517,"column":13}},{"start":{"line":517,"column":13},"end":{"line":517,"column":13}}]},"59":{"line":540,"type":"if","locations":[{"start":{"line":540,"column":3},"end":{"line":540,"column":3}},{"start":{"line":540,"column":3},"end":{"line":540,"column":3}}]},"60":{"line":552,"type":"if","locations":[{"start":{"line":552,"column":3},"end":{"line":552,"column":3}},{"start":{"line":552,"column":3},"end":{"line":552,"column":3}}]},"61":{"line":561,"type":"if","locations":[{"start":{"line":561,"column":3},"end":{"line":561,"column":3}},{"start":{"line":561,"column":3},"end":{"line":561,"column":3}}]},"62":{"line":576,"type":"if","locations":[{"start":{"line":576,"column":3},"end":{"line":576,"column":3}},{"start":{"line":576,"column":3},"end":{"line":576,"column":3}}]},"63":{"line":577,"type":"if","locations":[{"start":{"line":577,"column":4},"end":{"line":577,"column":4}},{"start":{"line":577,"column":4},"end":{"line":577,"column":4}}]},"64":{"line":578,"type":"if","locations":[{"start":{"line":578,"column":5},"end":{"line":578,"column":5}},{"start":{"line":578,"column":5},"end":{"line":578,"column":5}}]},"65":{"line":579,"type":"if","locations":[{"start":{"line":579,"column":6},"end":{"line":579,"column":6}},{"start":{"line":579,"column":6},"end":{"line":579,"column":6}}]},"66":{"line":580,"type":"if","locations":[{"start":{"line":580,"column":7},"end":{"line":580,"column":7}},{"start":{"line":580,"column":7},"end":{"line":580,"column":7}}]},"67":{"line":585,"type":"if","locations":[{"start":{"line":585,"column":7},"end":{"line":585,"column":7}},{"start":{"line":585,"column":7},"end":{"line":585,"column":7}}]},"68":{"line":591,"type":"if","locations":[{"start":{"line":591,"column":6},"end":{"line":591,"column":6}},{"start":{"line":591,"column":6},"end":{"line":591,"column":6}}]},"69":{"line":598,"type":"if","locations":[{"start":{"line":598,"column":5},"end":{"line":598,"column":5}},{"start":{"line":598,"column":5},"end":{"line":598,"column":5}}]},"70":{"line":599,"type":"if","locations":[{"start":{"line":599,"column":6},"end":{"line":599,"column":6}},{"start":{"line":599,"column":6},"end":{"line":599,"column":6}}]},"71":{"line":604,"type":"if","locations":[{"start":{"line":604,"column":5},"end":{"line":604,"column":5}},{"start":{"line":604,"column":5},"end":{"line":604,"column":5}}]},"72":{"line":605,"type":"if","locations":[{"start":{"line":605,"column":6},"end":{"line":605,"column":6}},{"start":{"line":605,"column":6},"end":{"line":605,"column":6}}]},"73":{"line":613,"type":"if","locations":[{"start":{"line":613,"column":8},"end":{"line":613,"column":8}},{"start":{"line":613,"column":8},"end":{"line":613,"column":8}}]},"74":{"line":626,"type":"if","locations":[{"start":{"line":626,"column":8},"end":{"line":626,"column":8}},{"start":{"line":626,"column":8},"end":{"line":626,"column":8}}]},"75":{"line":636,"type":"if","locations":[{"start":{"line":636,"column":9},"end":{"line":636,"column":9}},{"start":{"line":636,"column":9},"end":{"line":636,"column":9}}]},"76":{"line":647,"type":"if","locations":[{"start":{"line":647,"column":5},"end":{"line":647,"column":5}},{"start":{"line":647,"column":5},"end":{"line":647,"column":5}}]},"77":{"line":649,"type":"if","locations":[{"start":{"line":649,"column":6},"end":{"line":649,"column":6}},{"start":{"line":649,"column":6},"end":{"line":649,"column":6}}]},"78":{"line":652,"type":"if","locations":[{"start":{"line":652,"column":7},"end":{"line":652,"column":7}},{"start":{"line":652,"column":7},"end":{"line":652,"column":7}}]},"79":{"line":653,"type":"if","locations":[{"start":{"line":653,"column":8},"end":{"line":653,"column":8}},{"start":{"line":653,"column":8},"end":{"line":653,"column":8}}]},"80":{"line":657,"type":"if","locations":[{"start":{"line":657,"column":8},"end":{"line":657,"column":8}},{"start":{"line":657,"column":8},"end":{"line":657,"column":8}}]},"81":{"line":664,"type":"if","locations":[{"start":{"line":664,"column":6},"end":{"line":664,"column":6}},{"start":{"line":664,"column":6},"end":{"line":664,"column":6}}]},"82":{"line":669,"type":"if","locations":[{"start":{"line":669,"column":5},"end":{"line":669,"column":5}},{"start":{"line":669,"column":5},"end":{"line":669,"column":5}}]},"83":{"line":670,"type":"if","locations":[{"start":{"line":670,"column":6},"end":{"line":670,"column":6}},{"start":{"line":670,"column":6},"end":{"line":670,"column":6}}]},"84":{"line":675,"type":"if","locations":[{"start":{"line":675,"column":5},"end":{"line":675,"column":5}},{"start":{"line":675,"column":5},"end":{"line":675,"column":5}}]},"85":{"line":676,"type":"if","locations":[{"start":{"line":676,"column":6},"end":{"line":676,"column":6}},{"start":{"line":676,"column":6},"end":{"line":676,"column":6}}]},"86":{"line":676,"type":"binary-expr","locations":[{"start":{"line":676,"column":10},"end":{"line":676,"column":28}},{"start":{"line":676,"column":32},"end":{"line":676,"column":49}}]},"87":{"line":682,"type":"if","locations":[{"start":{"line":682,"column":6},"end":{"line":682,"column":6}},{"start":{"line":682,"column":6},"end":{"line":682,"column":6}}]},"88":{"line":689,"type":"if","locations":[{"start":{"line":689,"column":8},"end":{"line":689,"column":8}},{"start":{"line":689,"column":8},"end":{"line":689,"column":8}}]},"89":{"line":702,"type":"if","locations":[{"start":{"line":702,"column":8},"end":{"line":702,"column":8}},{"start":{"line":702,"column":8},"end":{"line":702,"column":8}}]},"90":{"line":712,"type":"if","locations":[{"start":{"line":712,"column":9},"end":{"line":712,"column":9}},{"start":{"line":712,"column":9},"end":{"line":712,"column":9}}]},"91":{"line":728,"type":"if","locations":[{"start":{"line":728,"column":3},"end":{"line":728,"column":3}},{"start":{"line":728,"column":3},"end":{"line":728,"column":3}}]},"92":{"line":733,"type":"if","locations":[{"start":{"line":733,"column":3},"end":{"line":733,"column":3}},{"start":{"line":733,"column":3},"end":{"line":733,"column":3}}]},"93":{"line":733,"type":"binary-expr","locations":[{"start":{"line":733,"column":7},"end":{"line":733,"column":25}},{"start":{"line":733,"column":29},"end":{"line":733,"column":46}},{"start":{"line":733,"column":50},"end":{"line":733,"column":67}}]},"94":{"line":740,"type":"if","locations":[{"start":{"line":740,"column":3},"end":{"line":740,"column":3}},{"start":{"line":740,"column":3},"end":{"line":740,"column":3}}]},"95":{"line":740,"type":"binary-expr","locations":[{"start":{"line":740,"column":7},"end":{"line":740,"column":13}},{"start":{"line":740,"column":17},"end":{"line":740,"column":40}}]},"96":{"line":741,"type":"if","locations":[{"start":{"line":741,"column":4},"end":{"line":741,"column":4}},{"start":{"line":741,"column":4},"end":{"line":741,"column":4}}]},"97":{"line":748,"type":"if","locations":[{"start":{"line":748,"column":3},"end":{"line":748,"column":3}},{"start":{"line":748,"column":3},"end":{"line":748,"column":3}}]},"98":{"line":749,"type":"if","locations":[{"start":{"line":749,"column":4},"end":{"line":749,"column":4}},{"start":{"line":749,"column":4},"end":{"line":749,"column":4}}]},"99":{"line":763,"type":"if","locations":[{"start":{"line":763,"column":1},"end":{"line":763,"column":1}},{"start":{"line":763,"column":1},"end":{"line":763,"column":1}}]},"100":{"line":780,"type":"binary-expr","locations":[{"start":{"line":780,"column":6},"end":{"line":780,"column":12}},{"start":{"line":780,"column":16},"end":{"line":780,"column":35}}]},"101":{"line":784,"type":"binary-expr","locations":[{"start":{"line":784,"column":6},"end":{"line":784,"column":12}},{"start":{"line":784,"column":16},"end":{"line":784,"column":40}}]},"102":{"line":788,"type":"cond-expr","locations":[{"start":{"line":788,"column":15},"end":{"line":788,"column":39}},{"start":{"line":788,"column":42},"end":{"line":788,"column":61}}]},"103":{"line":796,"type":"binary-expr","locations":[{"start":{"line":796,"column":13},"end":{"line":796,"column":43}},{"start":{"line":796,"column":47},"end":{"line":796,"column":51}}]}},"l":{"6":1,"9":1,"10":24,"40":24,"41":48,"42":264,"44":48,"45":24,"51":24,"86":24,"87":24,"88":24,"94":24,"96":3,"99":3,"102":3,"106":3,"107":3,"111":3,"112":0,"116":3,"117":0,"121":3,"122":0,"126":3,"128":3,"129":3,"130":3,"132":3,"133":0,"134":0,"135":0,"136":0,"145":24,"146":16,"158":16,"159":15,"161":1,"165":15,"166":15,"167":15,"169":0,"171":14,"172":14,"174":0,"177":14,"178":0,"179":0,"180":0,"182":0,"185":14,"186":14,"187":14,"189":0,"195":14,"196":0,"197":0,"198":0,"199":0,"200":0,"201":0,"203":0,"206":0,"208":0,"209":0,"212":0,"219":24,"221":13,"222":13,"224":13,"225":13,"226":13,"232":24,"234":4,"237":4,"238":4,"244":4,"245":0,"246":0,"247":0,"258":4,"259":1,"260":3,"261":3,"264":4,"267":4,"268":4,"269":4,"270":4,"271":4,"278":4,"279":4,"280":4,"281":4,"282":4,"286":4,"287":4,"288":4,"289":0,"293":4,"294":4,"295":4,"296":4,"298":4,"302":24,"308":24,"310":9,"311":9,"314":9,"315":6,"319":3,"320":0,"324":3,"327":3,"333":3,"339":3,"340":3,"343":3,"346":3,"351":3,"352":3,"353":0,"354":0,"355":0,"358":0,"359":0,"360":0,"361":0,"362":0,"365":0,"373":0,"377":0,"379":0,"380":0,"382":0,"386":0,"394":0,"395":0,"397":3,"398":3,"399":3,"401":3,"409":3,"410":3,"412":0,"416":3,"425":0,"426":0,"428":0,"435":0,"436":0,"438":0,"441":0,"442":0,"446":0,"457":0,"464":0,"470":3,"471":3,"472":3,"474":3,"475":3,"477":3,"478":18,"483":24,"484":0,"485":0,"486":0,"490":24,"492":3,"493":0,"497":3,"498":3,"499":2,"500":2,"503":3,"504":2,"505":2,"511":3,"512":0,"514":0,"515":0,"516":0,"517":0,"518":0,"527":24,"533":24,"534":0,"539":24,"540":0,"541":0,"545":24,"546":0,"551":24,"552":0,"553":0,"560":24,"561":0,"562":0,"568":24,"569":0,"574":24,"575":0,"576":0,"577":0,"578":0,"579":0,"580":0,"581":0,"583":0,"585":0,"586":0,"589":0,"591":0,"592":0,"594":0,"595":0,"598":0,"599":0,"600":0,"604":0,"605":0,"609":0,"610":0,"611":0,"613":0,"614":0,"616":0,"619":0,"620":0,"623":0,"624":0,"626":0,"627":0,"628":0,"629":0,"631":0,"632":0,"635":0,"636":0,"637":0,"638":0,"647":0,"648":0,"649":0,"650":0,"652":0,"653":0,"654":0,"657":0,"658":0,"664":0,"665":0,"669":0,"670":0,"671":0,"675":0,"676":0,"677":0,"679":0,"682":0,"686":0,"687":0,"688":0,"689":0,"690":0,"692":0,"695":0,"696":0,"699":0,"700":0,"702":0,"703":0,"704":0,"705":0,"707":0,"708":0,"711":0,"712":0,"713":0,"714":0,"728":0,"729":0,"731":0,"733":0,"734":0,"737":0,"738":0,"740":0,"741":0,"742":0,"744":0,"748":0,"749":0,"750":0,"751":0,"753":0,"756":0,"757":0,"763":1,"764":0,"766":0,"768":1,"769":0,"770":0,"773":0,"774":0,"778":0,"780":0,"784":0,"788":0,"792":0,"796":0,"800":0,"802":0,"806":0}}}
