TN:
SF:./src/js/hsSlider.js
FN:6,(anonymous_1)
FN:9,(anonymous_2)
FN:40,(anonymous_3)
FN:94,(anonymous_4)
FN:133,(anonymous_5)
FN:145,(anonymous_6)
FN:219,(anonymous_7)
FN:232,(anonymous_8)
FN:302,(anonymous_9)
FN:308,(anonymous_10)
FN:483,(anonymous_11)
FN:484,(anonymous_12)
FN:490,(anonymous_13)
FN:498,(anonymous_14)
FN:503,(anonymous_15)
FN:512,(anonymous_16)
FN:527,(anonymous_17)
FN:533,(anonymous_18)
FN:539,(anonymous_19)
FN:545,(anonymous_20)
FN:551,(anonymous_21)
FN:560,(anonymous_22)
FN:568,(anonymous_23)
FN:574,(anonymous_24)
FN:609,(anonymous_25)
FN:635,(anonymous_26)
FN:686,(anonymous_27)
FN:711,(anonymous_28)
FN:756,(anonymous_29)
FN:765,(anonymous_30)
FN:768,update
FN:769,(anonymous_32)
FN:779,(anonymous_33)
FN:783,(anonymous_34)
FN:787,(anonymous_35)
FN:791,(anonymous_36)
FN:795,(anonymous_37)
FN:801,(anonymous_38)
FNF:38
FNH:9
FNDA:1,(anonymous_1)
FNDA:24,(anonymous_2)
FNDA:48,(anonymous_3)
FNDA:3,(anonymous_4)
FNDA:0,(anonymous_5)
FNDA:16,(anonymous_6)
FNDA:13,(anonymous_7)
FNDA:4,(anonymous_8)
FNDA:0,(anonymous_9)
FNDA:9,(anonymous_10)
FNDA:0,(anonymous_11)
FNDA:0,(anonymous_12)
FNDA:3,(anonymous_13)
FNDA:0,(anonymous_14)
FNDA:0,(anonymous_15)
FNDA:0,(anonymous_16)
FNDA:0,(anonymous_17)
FNDA:0,(anonymous_18)
FNDA:0,(anonymous_19)
FNDA:0,(anonymous_20)
FNDA:0,(anonymous_21)
FNDA:0,(anonymous_22)
FNDA:0,(anonymous_23)
FNDA:0,(anonymous_24)
FNDA:0,(anonymous_25)
FNDA:0,(anonymous_26)
FNDA:0,(anonymous_27)
FNDA:0,(anonymous_28)
FNDA:0,(anonymous_29)
FNDA:0,(anonymous_30)
FNDA:0,update
FNDA:0,(anonymous_32)
FNDA:0,(anonymous_33)
FNDA:0,(anonymous_34)
FNDA:0,(anonymous_35)
FNDA:0,(anonymous_36)
FNDA:0,(anonymous_37)
FNDA:0,(anonymous_38)
DA:6,1
DA:9,1
DA:10,24
DA:40,24
DA:41,48
DA:42,264
DA:44,48
DA:45,24
DA:51,24
DA:86,24
DA:87,24
DA:88,24
DA:94,24
DA:96,3
DA:99,3
DA:102,3
DA:106,3
DA:107,3
DA:111,3
DA:112,0
DA:116,3
DA:117,0
DA:121,3
DA:122,0
DA:126,3
DA:128,3
DA:129,3
DA:130,3
DA:132,3
DA:133,0
DA:134,0
DA:135,0
DA:136,0
DA:145,24
DA:146,16
DA:158,16
DA:159,15
DA:161,1
DA:165,15
DA:166,15
DA:167,15
DA:169,0
DA:171,14
DA:172,14
DA:174,0
DA:177,14
DA:178,0
DA:179,0
DA:180,0
DA:182,0
DA:185,14
DA:186,14
DA:187,14
DA:189,0
DA:195,14
DA:196,0
DA:197,0
DA:198,0
DA:199,0
DA:200,0
DA:201,0
DA:203,0
DA:206,0
DA:208,0
DA:209,0
DA:212,0
DA:219,24
DA:221,13
DA:222,13
DA:224,13
DA:225,13
DA:226,13
DA:232,24
DA:234,4
DA:237,4
DA:238,4
DA:244,4
DA:245,0
DA:246,0
DA:247,0
DA:258,4
DA:259,1
DA:260,3
DA:261,3
DA:264,4
DA:267,4
DA:268,4
DA:269,4
DA:270,4
DA:271,4
DA:278,4
DA:279,4
DA:280,4
DA:281,4
DA:282,4
DA:286,4
DA:287,4
DA:288,4
DA:289,0
DA:293,4
DA:294,4
DA:295,4
DA:296,4
DA:298,4
DA:302,24
DA:308,24
DA:310,9
DA:311,9
DA:314,9
DA:315,6
DA:319,3
DA:320,0
DA:324,3
DA:327,3
DA:333,3
DA:339,3
DA:340,3
DA:343,3
DA:346,3
DA:351,3
DA:352,3
DA:353,0
DA:354,0
DA:355,0
DA:358,0
DA:359,0
DA:360,0
DA:361,0
DA:362,0
DA:365,0
DA:373,0
DA:377,0
DA:379,0
DA:380,0
DA:382,0
DA:386,0
DA:394,0
DA:395,0
DA:397,3
DA:398,3
DA:399,3
DA:401,3
DA:409,3
DA:410,3
DA:412,0
DA:416,3
DA:425,0
DA:426,0
DA:428,0
DA:435,0
DA:436,0
DA:438,0
DA:441,0
DA:442,0
DA:446,0
DA:457,0
DA:464,0
DA:470,3
DA:471,3
DA:472,3
DA:474,3
DA:475,3
DA:477,3
DA:478,18
DA:483,24
DA:484,0
DA:485,0
DA:486,0
DA:490,24
DA:492,3
DA:493,0
DA:497,3
DA:498,3
DA:499,0
DA:500,0
DA:503,3
DA:504,0
DA:505,0
DA:511,3
DA:512,0
DA:514,0
DA:515,0
DA:516,0
DA:517,0
DA:518,0
DA:527,24
DA:533,24
DA:534,0
DA:539,24
DA:540,0
DA:541,0
DA:545,24
DA:546,0
DA:551,24
DA:552,0
DA:553,0
DA:560,24
DA:561,0
DA:562,0
DA:568,24
DA:569,0
DA:574,24
DA:575,0
DA:576,0
DA:577,0
DA:578,0
DA:579,0
DA:580,0
DA:581,0
DA:583,0
DA:585,0
DA:586,0
DA:589,0
DA:591,0
DA:592,0
DA:594,0
DA:595,0
DA:598,0
DA:599,0
DA:600,0
DA:604,0
DA:605,0
DA:609,0
DA:610,0
DA:611,0
DA:613,0
DA:614,0
DA:616,0
DA:619,0
DA:620,0
DA:623,0
DA:624,0
DA:626,0
DA:627,0
DA:628,0
DA:629,0
DA:631,0
DA:632,0
DA:635,0
DA:636,0
DA:637,0
DA:638,0
DA:647,0
DA:648,0
DA:649,0
DA:650,0
DA:652,0
DA:653,0
DA:654,0
DA:657,0
DA:658,0
DA:664,0
DA:665,0
DA:669,0
DA:670,0
DA:671,0
DA:675,0
DA:676,0
DA:677,0
DA:679,0
DA:682,0
DA:686,0
DA:687,0
DA:688,0
DA:689,0
DA:690,0
DA:692,0
DA:695,0
DA:696,0
DA:699,0
DA:700,0
DA:702,0
DA:703,0
DA:704,0
DA:705,0
DA:707,0
DA:708,0
DA:711,0
DA:712,0
DA:713,0
DA:714,0
DA:728,0
DA:729,0
DA:731,0
DA:733,0
DA:734,0
DA:737,0
DA:738,0
DA:740,0
DA:741,0
DA:742,0
DA:744,0
DA:748,0
DA:749,0
DA:750,0
DA:751,0
DA:753,0
DA:756,0
DA:757,0
DA:763,1
DA:764,0
DA:766,0
DA:768,1
DA:769,0
DA:770,0
DA:773,0
DA:774,0
DA:778,0
DA:780,0
DA:784,0
DA:788,0
DA:792,0
DA:796,0
DA:800,0
DA:802,0
DA:806,0
LF:316
LH:122
BRDA:44,1,0,24
BRDA:44,1,1,24
BRDA:86,2,0,24
BRDA:86,2,1,0
BRDA:86,3,0,24
BRDA:86,3,1,24
BRDA:96,4,0,3
BRDA:96,4,1,0
BRDA:106,5,0,3
BRDA:106,5,1,0
BRDA:111,6,0,0
BRDA:111,6,1,3
BRDA:116,7,0,0
BRDA:116,7,1,3
BRDA:121,8,0,0
BRDA:121,8,1,3
BRDA:130,9,0,3
BRDA:130,9,1,0
BRDA:132,10,0,0
BRDA:132,10,1,3
BRDA:134,11,0,0
BRDA:134,11,1,0
BRDA:158,12,0,15
BRDA:158,12,1,1
BRDA:165,13,0,15
BRDA:165,13,1,0
BRDA:165,14,0,15
BRDA:165,14,1,0
BRDA:171,15,0,14
BRDA:171,15,1,0
BRDA:177,16,0,0
BRDA:177,16,1,14
BRDA:178,17,0,0
BRDA:178,17,1,0
BRDA:178,18,0,0
BRDA:178,18,1,0
BRDA:185,19,0,14
BRDA:185,19,1,0
BRDA:185,20,0,14
BRDA:185,20,1,14
BRDA:195,21,0,0
BRDA:195,21,1,14
BRDA:196,22,0,0
BRDA:196,22,1,0
BRDA:198,23,0,0
BRDA:198,23,1,0
BRDA:198,24,0,0
BRDA:198,24,1,0
BRDA:200,25,0,0
BRDA:200,25,1,0
BRDA:208,26,0,0
BRDA:208,26,1,0
BRDA:224,27,0,13
BRDA:224,27,1,0
BRDA:244,28,0,0
BRDA:244,28,1,4
BRDA:244,29,0,4
BRDA:244,29,1,3
BRDA:246,30,0,0
BRDA:246,30,1,0
BRDA:258,31,0,1
BRDA:258,31,1,3
BRDA:258,32,0,4
BRDA:258,32,1,1
BRDA:260,33,0,3
BRDA:260,33,1,0
BRDA:260,34,0,3
BRDA:260,34,1,3
BRDA:267,35,0,4
BRDA:267,35,1,0
BRDA:269,36,0,4
BRDA:269,36,1,0
BRDA:288,37,0,0
BRDA:288,37,1,4
BRDA:314,38,0,6
BRDA:314,38,1,3
BRDA:319,39,0,0
BRDA:319,39,1,3
BRDA:319,40,0,3
BRDA:319,40,1,0
BRDA:343,41,0,3
BRDA:343,41,1,0
BRDA:351,42,0,3
BRDA:351,42,1,0
BRDA:352,43,0,0
BRDA:352,43,1,3
BRDA:359,44,0,0
BRDA:359,44,1,0
BRDA:379,45,0,0
BRDA:379,45,1,0
BRDA:409,46,0,3
BRDA:409,46,1,0
BRDA:435,47,0,0
BRDA:435,47,1,0
BRDA:441,48,0,0
BRDA:441,48,1,0
BRDA:441,49,0,0
BRDA:441,49,1,0
BRDA:441,49,2,0
BRDA:492,50,0,0
BRDA:492,50,1,3
BRDA:492,51,0,3
BRDA:492,51,1,3
BRDA:497,52,0,3
BRDA:497,52,1,0
BRDA:499,53,0,0
BRDA:499,53,1,0
BRDA:504,54,0,0
BRDA:504,54,1,0
BRDA:511,55,0,0
BRDA:511,55,1,3
BRDA:514,56,0,0
BRDA:514,56,1,0
BRDA:515,57,0,0
BRDA:515,57,1,0
BRDA:517,58,0,0
BRDA:517,58,1,0
BRDA:540,59,0,0
BRDA:540,59,1,0
BRDA:552,60,0,0
BRDA:552,60,1,0
BRDA:561,61,0,0
BRDA:561,61,1,0
BRDA:576,62,0,0
BRDA:576,62,1,0
BRDA:577,63,0,0
BRDA:577,63,1,0
BRDA:578,64,0,0
BRDA:578,64,1,0
BRDA:579,65,0,0
BRDA:579,65,1,0
BRDA:580,66,0,0
BRDA:580,66,1,0
BRDA:585,67,0,0
BRDA:585,67,1,0
BRDA:591,68,0,0
BRDA:591,68,1,0
BRDA:598,69,0,0
BRDA:598,69,1,0
BRDA:599,70,0,0
BRDA:599,70,1,0
BRDA:604,71,0,0
BRDA:604,71,1,0
BRDA:605,72,0,0
BRDA:605,72,1,0
BRDA:613,73,0,0
BRDA:613,73,1,0
BRDA:626,74,0,0
BRDA:626,74,1,0
BRDA:636,75,0,0
BRDA:636,75,1,0
BRDA:647,76,0,0
BRDA:647,76,1,0
BRDA:649,77,0,0
BRDA:649,77,1,0
BRDA:652,78,0,0
BRDA:652,78,1,0
BRDA:653,79,0,0
BRDA:653,79,1,0
BRDA:657,80,0,0
BRDA:657,80,1,0
BRDA:664,81,0,0
BRDA:664,81,1,0
BRDA:669,82,0,0
BRDA:669,82,1,0
BRDA:670,83,0,0
BRDA:670,83,1,0
BRDA:675,84,0,0
BRDA:675,84,1,0
BRDA:676,85,0,0
BRDA:676,85,1,0
BRDA:676,86,0,0
BRDA:676,86,1,0
BRDA:682,87,0,0
BRDA:682,87,1,0
BRDA:689,88,0,0
BRDA:689,88,1,0
BRDA:702,89,0,0
BRDA:702,89,1,0
BRDA:712,90,0,0
BRDA:712,90,1,0
BRDA:728,91,0,0
BRDA:728,91,1,0
BRDA:733,92,0,0
BRDA:733,92,1,0
BRDA:733,93,0,0
BRDA:733,93,1,0
BRDA:733,93,2,0
BRDA:740,94,0,0
BRDA:740,94,1,0
BRDA:740,95,0,0
BRDA:740,95,1,0
BRDA:741,96,0,0
BRDA:741,96,1,0
BRDA:748,97,0,0
BRDA:748,97,1,0
BRDA:749,98,0,0
BRDA:749,98,1,0
BRDA:763,99,0,0
BRDA:763,99,1,1
BRDA:780,100,0,0
BRDA:780,100,1,0
BRDA:784,101,0,0
BRDA:784,101,1,0
BRDA:788,102,0,0
BRDA:788,102,1,0
BRDA:796,103,0,0
BRDA:796,103,1,0
BRF:208
BRH:50
end_of_record
